2015-03-03 10:12:50.773 TTContacts[26630:635681] DiskCookieStorage changing policy from 2 to 0, cookie file: file:///Users/christianweyer/Library/Developer/CoreSimulator/Devices/86F32355-1461-4B76-B192-39AECF22C353/data/Containers/Data/Application/A77721E3-97AE-44D9-8A25-7894430187F8/Library/Cookies/Cookies.binarycookies
2015-03-03 10:12:51.092 TTContacts[26630:635681] Apache Cordova native platform version 3.7.0 is starting.
2015-03-03 10:12:51.092 TTContacts[26630:635681] Multi-tasking -> Device: YES, App: YES
2015-03-03 10:12:51.106 TTContacts[26630:635681] Unlimited access to network resources
2015-03-03 10:12:51.115 TTContacts[26630:635681] 

Started backup to iCloud! Please be careful.
Your application might be rejected by Apple if you store too much data.
For more information please read "iOS Data Storage Guidelines" at:
https://developer.apple.com/icloud/documentation/data-storage/
To disable web storage backup to iCloud, set the BackupWebStorage preference to "local" in the Cordova config.xml file

2015-03-03 10:12:52.289 TTContacts[26630:635681] Resetting plugins due to page load.
2015-03-03 10:12:52.828 TTContacts[26630:635681] Finished load of: file:///Users/christianweyer/Library/Developer/CoreSimulator/Devices/86F32355-1461-4B76-B192-39AECF22C353/data/Containers/Bundle/Application/93B3AE1A-F1B1-4DE4-8E76-47DEFB7FF6F6/TTContacts.app/www/index.html
2015-03-03 10:14:30.835 TTContacts[27145:637643] DiskCookieStorage changing policy from 2 to 0, cookie file: file:///Users/christianweyer/Library/Developer/CoreSimulator/Devices/86F32355-1461-4B76-B192-39AECF22C353/data/Containers/Data/Application/548038F0-F66F-49C8-B876-291088FA4F21/Library/Cookies/Cookies.binarycookies
2015-03-03 10:14:30.924 TTContacts[27145:637643] Apache Cordova native platform version 3.7.0 is starting.
2015-03-03 10:14:30.925 TTContacts[27145:637643] Multi-tasking -> Device: YES, App: YES
2015-03-03 10:14:30.926 TTContacts[27145:637643] Unlimited access to network resources
2015-03-03 10:14:30.927 TTContacts[27145:637643] 

Started backup to iCloud! Please be careful.
Your application might be rejected by Apple if you store too much data.
For more information please read "iOS Data Storage Guidelines" at:
https://developer.apple.com/icloud/documentation/data-storage/
To disable web storage backup to iCloud, set the BackupWebStorage preference to "local" in the Cordova config.xml file

2015-03-03 10:14:31.273 TTContacts[27145:637643] Resetting plugins due to page load.
2015-03-03 10:14:31.488 TTContacts[27145:637643] Finished load of: file:///Users/christianweyer/Library/Developer/CoreSimulator/Devices/86F32355-1461-4B76-B192-39AECF22C353/data/Containers/Bundle/Application/986BC540-C0B6-4AB8-ACA0-AD5B299F3334/TTContacts.app/www/index.html
2015-03-03 10:14:52.445 TTContacts[27642:638717] DiskCookieStorage changing policy from 2 to 0, cookie file: file:///Users/christianweyer/Library/Developer/CoreSimulator/Devices/86F32355-1461-4B76-B192-39AECF22C353/data/Containers/Data/Application/C10916F2-A585-4C0B-8DDE-BB699D33B7CC/Library/Cookies/Cookies.binarycookies
2015-03-03 10:14:52.514 TTContacts[27642:638717] Apache Cordova native platform version 3.7.0 is starting.
2015-03-03 10:14:52.515 TTContacts[27642:638717] Multi-tasking -> Device: YES, App: YES
2015-03-03 10:14:52.516 TTContacts[27642:638717] Unlimited access to network resources
2015-03-03 10:14:52.518 TTContacts[27642:638717] 

Started backup to iCloud! Please be careful.
Your application might be rejected by Apple if you store too much data.
For more information please read "iOS Data Storage Guidelines" at:
https://developer.apple.com/icloud/documentation/data-storage/
To disable web storage backup to iCloud, set the BackupWebStorage preference to "local" in the Cordova config.xml file

2015-03-03 10:14:52.762 TTContacts[27642:638717] Resetting plugins due to page load.
2015-03-03 10:14:52.953 TTContacts[27642:638717] Finished load of: file:///Users/christianweyer/Library/Developer/CoreSimulator/Devices/86F32355-1461-4B76-B192-39AECF22C353/data/Containers/Bundle/Application/C41B9FFB-72F2-4F31-BC77-36C1AA910436/TTContacts.app/www/index.html
2015-03-03 10:21:48.032 TTContacts[28218:643760] DiskCookieStorage changing policy from 2 to 0, cookie file: file:///Users/christianweyer/Library/Developer/CoreSimulator/Devices/86F32355-1461-4B76-B192-39AECF22C353/data/Containers/Data/Application/CC5852BA-EDE1-4541-8C61-30A143EAB842/Library/Cookies/Cookies.binarycookies
2015-03-03 10:21:48.112 TTContacts[28218:643760] Apache Cordova native platform version 3.7.0 is starting.
2015-03-03 10:21:48.113 TTContacts[28218:643760] Multi-tasking -> Device: YES, App: YES
2015-03-03 10:21:48.114 TTContacts[28218:643760] Unlimited access to network resources
2015-03-03 10:21:48.116 TTContacts[28218:643760] 

Started backup to iCloud! Please be careful.
Your application might be rejected by Apple if you store too much data.
For more information please read "iOS Data Storage Guidelines" at:
https://developer.apple.com/icloud/documentation/data-storage/
To disable web storage backup to iCloud, set the BackupWebStorage preference to "local" in the Cordova config.xml file

2015-03-03 10:21:48.337 TTContacts[28218:643760] Resetting plugins due to page load.
2015-03-03 10:21:48.567 TTContacts[28218:643760] Finished load of: file:///Users/christianweyer/Library/Developer/CoreSimulator/Devices/86F32355-1461-4B76-B192-39AECF22C353/data/Containers/Bundle/Application/C05B1B6A-121C-4E43-BC84-46403868D8E2/TTContacts.app/www/index.html
2015-03-03 10:22:55.483 TTContacts[28734:645238] DiskCookieStorage changing policy from 2 to 0, cookie file: file:///Users/christianweyer/Library/Developer/CoreSimulator/Devices/86F32355-1461-4B76-B192-39AECF22C353/data/Containers/Data/Application/6978E754-F746-4CBF-AD5F-CF3D4D590DB6/Library/Cookies/Cookies.binarycookies
2015-03-03 10:22:55.552 TTContacts[28734:645238] Apache Cordova native platform version 3.7.0 is starting.
2015-03-03 10:22:55.552 TTContacts[28734:645238] Multi-tasking -> Device: YES, App: YES
2015-03-03 10:22:55.554 TTContacts[28734:645238] Unlimited access to network resources
2015-03-03 10:22:55.556 TTContacts[28734:645238] 

Started backup to iCloud! Please be careful.
Your application might be rejected by Apple if you store too much data.
For more information please read "iOS Data Storage Guidelines" at:
https://developer.apple.com/icloud/documentation/data-storage/
To disable web storage backup to iCloud, set the BackupWebStorage preference to "local" in the Cordova config.xml file

2015-03-03 10:22:55.742 TTContacts[28734:645238] Resetting plugins due to page load.
2015-03-03 10:22:59.942 TTContacts[28734:645238] Finished load of: file:///Users/christianweyer/Library/Developer/CoreSimulator/Devices/86F32355-1461-4B76-B192-39AECF22C353/data/Containers/Bundle/Application/F8463469-5605-4030-B9C4-13A739CAF74D/TTContacts.app/www/index.html
